2026-04-01 01:40:43 INFO  AnnotationConfigContextLoaderUtils:83 - Could not detect default configuration classes for test class [org.example.ecommerceapi.repository.NotificationRepositoryTest]: NotificationRepositoryTest does not declare any static, non-private, non-final, nested classes annotated with @Configuration.
2026-04-01 01:40:43 INFO  SpringBootTestContextBootstrapper:211 - Found @SpringBootConfiguration org.example.ecommerceapi.EcommerceApiApplication for test class org.example.ecommerceapi.repository.NotificationRepositoryTest
2026-04-01 01:40:44 INFO  RestartApplicationListener:74 - Restart disabled due to context in which it is running
2026-04-01 01:40:44 INFO  NotificationRepositoryTest:54 - Starting NotificationRepositoryTest using Java 25 with PID 19068 (started by Bilal in C:\Users\Bilal\Desktop\api-backup\ecommerce-api)
2026-04-01 01:40:44 INFO  NotificationRepositoryTest:652 - No active profile set, falling back to 1 default profile: "default"
2026-04-01 01:40:45 INFO  Version:18 - HV000001: Hibernate Validator 9.0.1.Final
2026-04-01 01:40:45 INFO  RepositoryConfigurationDelegate:145 - Bootstrapping Spring Data JPA repositories in DEFAULT mode.
2026-04-01 01:40:46 INFO  RepositoryConfigurationDelegate:213 - Finished Spring Data repository scanning in 189 ms. Found 9 JPA repository interfaces.
2026-04-01 01:40:46 INFO  TestDatabaseAutoConfiguration$EmbeddedDataSourceBeanFactoryPostProcessor:145 - Replacing 'dataSource' DataSource bean with embedded version
2026-04-01 01:40:46 INFO  EmbeddedDatabaseFactory:196 - Starting embedded database: url='jdbc:h2:mem:974a23f6-0ce5-4c37-9c34-9acdd4444fa7;DB_CLOSE_DELAY=-1;DB_CLOSE_ON_EXIT=false', username='sa'
2026-04-01 01:40:47 INFO  jpa:102 - HHH008540: Processing PersistenceUnitInfo [name: default]
2026-04-01 01:40:47 INFO  core:41 - HHH000001: Hibernate ORM core version 7.2.4.Final
2026-04-01 01:40:48 INFO  SpringPersistenceUnitInfo:129 - No LoadTimeWeaver setup: ignoring JPA class transformer
2026-04-01 01:40:48 WARN  deprecation:152 - HHH90000025: H2Dialect does not need to be specified explicitly using 'hibernate.dialect' (remove the property setting and it will be selected by default)
2026-04-01 01:40:48 INFO  pooling:179 - HHH10001005: Database info:
	Database JDBC URL [jdbc:h2:mem:974a23f6-0ce5-4c37-9c34-9acdd4444fa7]
	Database driver: H2 JDBC Driver
	Database dialect: H2Dialect
	Database version: 2.4.240
	Default catalog/schema: 974A23F6-0CE5-4C37-9C34-9ACDD4444FA7/PUBLIC
	Autocommit mode: undefined/unknown
	Isolation level: READ_COMMITTED [default READ_COMMITTED]
	JDBC fetch size: 100
	Pool: DataSourceConnectionProvider
	Minimum pool size: undefined/unknown
	Maximum pool size: undefined/unknown
2026-04-01 01:40:50 INFO  core:53 - HHH000489: No JTA platform available (set 'hibernate.transaction.jta.platform' to enable JTA platform integration)
2026-04-01 01:40:50 INFO  LocalContainerEntityManagerFactoryBean:464 - Initialized JPA EntityManagerFactory for persistence unit 'default'
2026-04-01 01:40:51 INFO  QueryEnhancerFactories:48 - Hibernate is in classpath; If applicable, HQL parser will be used.
2026-04-01 01:40:53 INFO  NotificationRepositoryTest:60 - Started NotificationRepositoryTest in 9.174 seconds (process running for 13.555)
2026-04-01 01:40:54 INFO  AnnotationConfigContextLoaderUtils:83 - Could not detect default configuration classes for test class [org.example.ecommerceapi.repository.ProductRepositoryTest]: ProductRepositoryTest does not declare any static, non-private, non-final, nested classes annotated with @Configuration.
2026-04-01 01:40:54 INFO  SpringBootTestContextBootstrapper:211 - Found @SpringBootConfiguration org.example.ecommerceapi.EcommerceApiApplication for test class org.example.ecommerceapi.repository.ProductRepositoryTest
2026-04-01 01:40:56 INFO  ProductServiceImpl:148 - Product updated productId: 1
2026-04-01 01:40:56 INFO  ProductServiceImpl:132 - Product with name prod created productId: null
2026-04-01 01:40:56 WARN  ProductServiceImpl:156 - Product not found productId: 1
2026-04-01 01:40:56 WARN  ProductServiceImpl:140 - Product not updated product not found productId: 1
2026-04-01 01:40:56 INFO  ProductServiceImpl:160 - Product deleted 
2026-04-01 01:40:56 WARN  ProductServiceImpl:116 - Product with name prod not created, no image provided
2026-04-01 01:40:56 WARN  ProductServiceImpl:105 - Product with name prod already exists
2026-04-01 01:40:56 WARN  ProductServiceImpl:111 - Product with name prod not created category not found categoryId: 1
2026-04-01 01:40:56 INFO  AnnotationConfigContextLoaderUtils:83 - Could not detect default configuration classes for test class [org.example.ecommerceapi.repository.RatingRepositoryTest]: RatingRepositoryTest does not declare any static, non-private, non-final, nested classes annotated with @Configuration.
2026-04-01 01:40:56 INFO  SpringBootTestContextBootstrapper:211 - Found @SpringBootConfiguration org.example.ecommerceapi.EcommerceApiApplication for test class org.example.ecommerceapi.repository.RatingRepositoryTest
2026-04-01 01:40:56 INFO  AnnotationConfigContextLoaderUtils:83 - Could not detect default configuration classes for test class [org.example.ecommerceapi.repository.RoleRepositoryTest]: RoleRepositoryTest does not declare any static, non-private, non-final, nested classes annotated with @Configuration.
2026-04-01 01:40:56 INFO  SpringBootTestContextBootstrapper:211 - Found @SpringBootConfiguration org.example.ecommerceapi.EcommerceApiApplication for test class org.example.ecommerceapi.repository.RoleRepositoryTest
2026-04-01 01:40:56 INFO  AnnotationConfigContextLoaderUtils:83 - Could not detect default configuration classes for test class [org.example.ecommerceapi.repository.OrderRepositoryTest]: OrderRepositoryTest does not declare any static, non-private, non-final, nested classes annotated with @Configuration.
2026-04-01 01:40:56 INFO  SpringBootTestContextBootstrapper:211 - Found @SpringBootConfiguration org.example.ecommerceapi.EcommerceApiApplication for test class org.example.ecommerceapi.repository.OrderRepositoryTest
2026-04-01 01:40:57 INFO  AnnotationConfigContextLoaderUtils:83 - Could not detect default configuration classes for test class [org.example.ecommerceapi.repository.CategoryRepositoryTest]: CategoryRepositoryTest does not declare any static, non-private, non-final, nested classes annotated with @Configuration.
2026-04-01 01:40:57 INFO  SpringBootTestContextBootstrapper:211 - Found @SpringBootConfiguration org.example.ecommerceapi.EcommerceApiApplication for test class org.example.ecommerceapi.repository.CategoryRepositoryTest
2026-04-01 01:40:57 INFO  AnnotationConfigContextLoaderUtils:83 - Could not detect default configuration classes for test class [org.example.ecommerceapi.repository.CustomerRepositoryTest]: CustomerRepositoryTest does not declare any static, non-private, non-final, nested classes annotated with @Configuration.
2026-04-01 01:40:57 INFO  SpringBootTestContextBootstrapper:211 - Found @SpringBootConfiguration org.example.ecommerceapi.EcommerceApiApplication for test class org.example.ecommerceapi.repository.CustomerRepositoryTest
2026-04-01 01:40:57 INFO  AnnotationConfigContextLoaderUtils:83 - Could not detect default configuration classes for test class [org.example.ecommerceapi.repository.UserRepositoryTest]: UserRepositoryTest does not declare any static, non-private, non-final, nested classes annotated with @Configuration.
2026-04-01 01:40:57 INFO  SpringBootTestContextBootstrapper:211 - Found @SpringBootConfiguration org.example.ecommerceapi.EcommerceApiApplication for test class org.example.ecommerceapi.repository.UserRepositoryTest
2026-04-01 01:40:57 INFO  LocalContainerEntityManagerFactoryBean:693 - Closing JPA EntityManagerFactory for persistence unit 'default'
2026-04-01 01:42:52 INFO  AnnotationConfigContextLoaderUtils:83 - Could not detect default configuration classes for test class [org.example.ecommerceapi.repository.NotificationRepositoryTest]: NotificationRepositoryTest does not declare any static, non-private, non-final, nested classes annotated with @Configuration.
2026-04-01 01:42:52 INFO  SpringBootTestContextBootstrapper:211 - Found @SpringBootConfiguration org.example.ecommerceapi.EcommerceApiApplication for test class org.example.ecommerceapi.repository.NotificationRepositoryTest
2026-04-01 01:42:52 INFO  RestartApplicationListener:74 - Restart disabled due to context in which it is running
2026-04-01 01:42:53 INFO  NotificationRepositoryTest:54 - Starting NotificationRepositoryTest using Java 25 with PID 14420 (started by Bilal in C:\Users\Bilal\Desktop\api-backup\ecommerce-api)
2026-04-01 01:42:53 INFO  NotificationRepositoryTest:652 - No active profile set, falling back to 1 default profile: "default"
2026-04-01 01:42:54 INFO  Version:18 - HV000001: Hibernate Validator 9.0.1.Final
2026-04-01 01:42:54 INFO  RepositoryConfigurationDelegate:145 - Bootstrapping Spring Data JPA repositories in DEFAULT mode.
2026-04-01 01:42:54 INFO  RepositoryConfigurationDelegate:213 - Finished Spring Data repository scanning in 170 ms. Found 9 JPA repository interfaces.
2026-04-01 01:42:54 INFO  TestDatabaseAutoConfiguration$EmbeddedDataSourceBeanFactoryPostProcessor:145 - Replacing 'dataSource' DataSource bean with embedded version
2026-04-01 01:42:54 INFO  EmbeddedDatabaseFactory:196 - Starting embedded database: url='jdbc:h2:mem:adb97e55-431e-4c17-9606-84629a978165;DB_CLOSE_DELAY=-1;DB_CLOSE_ON_EXIT=false', username='sa'
2026-04-01 01:42:55 INFO  jpa:102 - HHH008540: Processing PersistenceUnitInfo [name: default]
2026-04-01 01:42:55 INFO  core:41 - HHH000001: Hibernate ORM core version 7.2.4.Final
2026-04-01 01:42:56 INFO  SpringPersistenceUnitInfo:129 - No LoadTimeWeaver setup: ignoring JPA class transformer
2026-04-01 01:42:56 WARN  deprecation:152 - HHH90000025: H2Dialect does not need to be specified explicitly using 'hibernate.dialect' (remove the property setting and it will be selected by default)
2026-04-01 01:42:56 INFO  pooling:179 - HHH10001005: Database info:
	Database JDBC URL [jdbc:h2:mem:adb97e55-431e-4c17-9606-84629a978165]
	Database driver: H2 JDBC Driver
	Database dialect: H2Dialect
	Database version: 2.4.240
	Default catalog/schema: ADB97E55-431E-4C17-9606-84629A978165/PUBLIC
	Autocommit mode: undefined/unknown
	Isolation level: READ_COMMITTED [default READ_COMMITTED]
	JDBC fetch size: 100
	Pool: DataSourceConnectionProvider
	Minimum pool size: undefined/unknown
	Maximum pool size: undefined/unknown
2026-04-01 01:42:58 INFO  core:53 - HHH000489: No JTA platform available (set 'hibernate.transaction.jta.platform' to enable JTA platform integration)
2026-04-01 01:42:58 INFO  LocalContainerEntityManagerFactoryBean:464 - Initialized JPA EntityManagerFactory for persistence unit 'default'
2026-04-01 01:42:59 INFO  QueryEnhancerFactories:48 - Hibernate is in classpath; If applicable, HQL parser will be used.
2026-04-01 01:43:00 INFO  NotificationRepositoryTest:60 - Started NotificationRepositoryTest in 8.059 seconds (process running for 11.737)
2026-04-01 01:43:02 INFO  AnnotationConfigContextLoaderUtils:83 - Could not detect default configuration classes for test class [org.example.ecommerceapi.repository.ProductRepositoryTest]: ProductRepositoryTest does not declare any static, non-private, non-final, nested classes annotated with @Configuration.
2026-04-01 01:43:02 INFO  SpringBootTestContextBootstrapper:211 - Found @SpringBootConfiguration org.example.ecommerceapi.EcommerceApiApplication for test class org.example.ecommerceapi.repository.ProductRepositoryTest
2026-04-01 01:43:03 INFO  ProductServiceImpl:148 - Product updated productId: 1
2026-04-01 01:43:03 INFO  ProductServiceImpl:132 - Product with name prod created productId: null
2026-04-01 01:43:03 WARN  ProductServiceImpl:156 - Product not found productId: 1
2026-04-01 01:43:03 WARN  ProductServiceImpl:140 - Product not updated product not found productId: 1
2026-04-01 01:43:03 INFO  ProductServiceImpl:160 - Product deleted 
2026-04-01 01:43:03 WARN  ProductServiceImpl:116 - Product with name prod not created, no image provided
2026-04-01 01:43:03 WARN  ProductServiceImpl:105 - Product with name prod already exists
2026-04-01 01:43:03 WARN  ProductServiceImpl:111 - Product with name prod not created category not found categoryId: 1
2026-04-01 01:43:03 INFO  AnnotationConfigContextLoaderUtils:83 - Could not detect default configuration classes for test class [org.example.ecommerceapi.repository.RatingRepositoryTest]: RatingRepositoryTest does not declare any static, non-private, non-final, nested classes annotated with @Configuration.
2026-04-01 01:43:03 INFO  SpringBootTestContextBootstrapper:211 - Found @SpringBootConfiguration org.example.ecommerceapi.EcommerceApiApplication for test class org.example.ecommerceapi.repository.RatingRepositoryTest
2026-04-01 01:43:03 INFO  AnnotationConfigContextLoaderUtils:83 - Could not detect default configuration classes for test class [org.example.ecommerceapi.repository.RoleRepositoryTest]: RoleRepositoryTest does not declare any static, non-private, non-final, nested classes annotated with @Configuration.
2026-04-01 01:43:04 INFO  SpringBootTestContextBootstrapper:211 - Found @SpringBootConfiguration org.example.ecommerceapi.EcommerceApiApplication for test class org.example.ecommerceapi.repository.RoleRepositoryTest
2026-04-01 01:43:04 INFO  AnnotationConfigContextLoaderUtils:83 - Could not detect default configuration classes for test class [org.example.ecommerceapi.repository.OrderRepositoryTest]: OrderRepositoryTest does not declare any static, non-private, non-final, nested classes annotated with @Configuration.
2026-04-01 01:43:04 INFO  SpringBootTestContextBootstrapper:211 - Found @SpringBootConfiguration org.example.ecommerceapi.EcommerceApiApplication for test class org.example.ecommerceapi.repository.OrderRepositoryTest
2026-04-01 01:43:04 INFO  AnnotationConfigContextLoaderUtils:83 - Could not detect default configuration classes for test class [org.example.ecommerceapi.repository.CategoryRepositoryTest]: CategoryRepositoryTest does not declare any static, non-private, non-final, nested classes annotated with @Configuration.
2026-04-01 01:43:04 INFO  SpringBootTestContextBootstrapper:211 - Found @SpringBootConfiguration org.example.ecommerceapi.EcommerceApiApplication for test class org.example.ecommerceapi.repository.CategoryRepositoryTest
2026-04-01 01:43:04 INFO  AnnotationConfigContextLoaderUtils:83 - Could not detect default configuration classes for test class [org.example.ecommerceapi.repository.CustomerRepositoryTest]: CustomerRepositoryTest does not declare any static, non-private, non-final, nested classes annotated with @Configuration.
2026-04-01 01:43:04 INFO  SpringBootTestContextBootstrapper:211 - Found @SpringBootConfiguration org.example.ecommerceapi.EcommerceApiApplication for test class org.example.ecommerceapi.repository.CustomerRepositoryTest
2026-04-01 01:43:04 INFO  AnnotationConfigContextLoaderUtils:83 - Could not detect default configuration classes for test class [org.example.ecommerceapi.repository.UserRepositoryTest]: UserRepositoryTest does not declare any static, non-private, non-final, nested classes annotated with @Configuration.
2026-04-01 01:43:04 INFO  SpringBootTestContextBootstrapper:211 - Found @SpringBootConfiguration org.example.ecommerceapi.EcommerceApiApplication for test class org.example.ecommerceapi.repository.UserRepositoryTest
2026-04-01 01:43:05 INFO  LocalContainerEntityManagerFactoryBean:693 - Closing JPA EntityManagerFactory for persistence unit 'default'
